# JRE version: OpenJDK Runtime Environment (11.0.12+7) (build 11.0.12+7-b1504.28-7817840)
# Java VM: OpenJDK 64-Bit Server VM (11.0.12+7-b1504.28-7817840, mixed mode, tiered, compressed oops, g1 gc, windows-amd64)
Heap:
 garbage-first heap   total 327680K, used 192515K [0x0000000080000000, 0x0000000100000000)
  region size 1024K, 31 young (31744K), 10 survivors (10240K)
 Metaspace       used 154305K, capacity 159325K, committed 159488K, reserved 1187840K
  class space    used 19384K, capacity 21234K, committed 21248K, reserved 1048576K
GC Heap History (20 events):
Event: 4971.436 GC heap before
{Heap before GC invocations=149 (full 0):
 garbage-first heap   total 227328K, used 194217K [0x0000000080000000, 0x0000000100000000)
  region size 1024K, 19 young (19456K), 3 survivors (3072K)
 Metaspace       used 148486K, capacity 152835K, committed 154112K, reserved 1183744K
  class space    used 18642K, capacity 20271K, committed 20736K, reserved 1048576K
}
Event: 4971.449 GC heap after
{Heap after GC invocations=150 (full 0):
 garbage-first heap   total 227328K, used 180102K [0x0000000080000000, 0x0000000100000000)
  region size 1024K, 2 young (2048K), 2 survivors (2048K)
 Metaspace       used 148486K, capacity 152835K, committed 154112K, reserved 1183744K
  class space    used 18642K, capacity 20271K, committed 20736K, reserved 1048576K
}
Event: 4971.702 GC heap before
{Heap before GC invocations=150 (full 0):
 garbage-first heap   total 227328K, used 189318K [0x0000000080000000, 0x0000000100000000)
  region size 1024K, 11 young (11264K), 2 survivors (2048K)
 Metaspace       used 148873K, capacity 153217K, committed 154496K, reserved 1183744K
  class space    used 18683K, capacity 20315K, committed 20864K, reserved 1048576K
}
Event: 4971.712 GC heap after
{Heap after GC invocations=151 (full 0):
 garbage-first heap   total 227328K, used 159708K [0x0000000080000000, 0x0000000100000000)
  region size 1024K, 1 young (1024K), 1 survivors (1024K)
 Metaspace       used 148873K, capacity 153217K, committed 154496K, reserved 1183744K
  class space    used 18683K, capacity 20315K, committed 20864K, reserved 1048576K
}
Event: 4972.260 GC heap before
{Heap before GC invocations=151 (full 0):
 garbage-first heap   total 227328K, used 177116K [0x0000000080000000, 0x0000000100000000)
  region size 1024K, 11 young (11264K), 1 survivors (1024K)
 Metaspace       used 149395K, capacity 153748K, committed 155008K, reserved 1183744K
  class space    used 18766K, capacity 20409K, committed 20864K, reserved 1048576K
}
Event: 4972.270 GC heap after
{Heap after GC invocations=152 (full 0):
 garbage-first heap   total 227328K, used 166574K [0x0000000080000000, 0x0000000100000000)
  region size 1024K, 2 young (2048K), 2 survivors (2048K)
 Metaspace       used 149395K, capacity 153748K, committed 155008K, reserved 1183744K
  class space    used 18766K, capacity 20409K, committed 20864K, reserved 1048576K
}
Event: 4972.485 GC heap before
{Heap before GC invocations=152 (full 0):
 garbage-first heap   total 227328K, used 167598K [0x0000000080000000, 0x0000000100000000)
  region size 1024K, 4 young (4096K), 2 survivors (2048K)
 Metaspace       used 149449K, capacity 153821K, committed 155008K, reserved 1183744K
  class space    used 18774K, capacity 20412K, committed 20864K, reserved 1048576K
}
Event: 4972.495 GC heap after
{Heap after GC invocations=153 (full 0):
 garbage-first heap   total 327680K, used 166553K [0x0000000080000000, 0x0000000100000000)
  region size 1024K, 2 young (2048K), 2 survivors (2048K)
 Metaspace       used 149449K, capacity 153821K, committed 155008K, reserved 1183744K
  class space    used 18774K, capacity 20412K, committed 20864K, reserved 1048576K
}
Event: 6317.192 GC heap before
{Heap before GC invocations=154 (full 0):
 garbage-first heap   total 327680K, used 244377K [0x0000000080000000, 0x0000000100000000)
  region size 1024K, 63 young (64512K), 2 survivors (2048K)
 Metaspace       used 150923K, capacity 155524K, committed 156416K, reserved 1185792K
  class space    used 18972K, capacity 20663K, committed 20992K, reserved 1048576K
}
Event: 6317.197 GC heap after
{Heap after GC invocations=155 (full 0):
 garbage-first heap   total 327680K, used 159118K [0x0000000080000000, 0x0000000100000000)
  region size 1024K, 2 young (2048K), 2 survivors (2048K)
 Metaspace       used 150923K, capacity 155524K, committed 156416K, reserved 1185792K
  class space    used 18972K, capacity 20663K, committed 20992K, reserved 1048576K
}
Event: 6317.323 GC heap before
{Heap before GC invocations=155 (full 0):
 garbage-first heap   total 327680K, used 173454K [0x0000000080000000, 0x0000000100000000)
  region size 1024K, 16 young (16384K), 2 survivors (2048K)
 Metaspace       used 151216K, capacity 155864K, committed 156800K, reserved 1185792K
  class space    used 19015K, capacity 20731K, committed 21120K, reserved 1048576K
}
Event: 6317.330 GC heap after
{Heap after GC invocations=156 (full 0):
 garbage-first heap   total 327680K, used 157715K [0x0000000080000000, 0x0000000100000000)
  region size 1024K, 2 young (2048K), 2 survivors (2048K)
 Metaspace       used 151216K, capacity 155864K, committed 156800K, reserved 1185792K
  class space    used 19015K, capacity 20731K, committed 21120K, reserved 1048576K
}
Event: 6318.027 GC heap before
{Heap before GC invocations=156 (full 0):
 garbage-first heap   total 327680K, used 241683K [0x0000000080000000, 0x0000000100000000)
  region size 1024K, 85 young (87040K), 2 survivors (2048K)
 Metaspace       used 153049K, capacity 157692K, committed 158208K, reserved 1185792K
  class space    used 19232K, capacity 20966K, committed 21248K, reserved 1048576K
}
Event: 6318.040 GC heap after
{Heap after GC invocations=157 (full 0):
 garbage-first heap   total 327680K, used 165488K [0x0000000080000000, 0x0000000100000000)
  region size 1024K, 10 young (10240K), 10 survivors (10240K)
 Metaspace       used 153049K, capacity 157692K, committed 158208K, reserved 1185792K
  class space    used 19232K, capacity 20966K, committed 21248K, reserved 1048576K
}
Event: 7176.271 GC heap before
{Heap before GC invocations=158 (full 0):
 garbage-first heap   total 327680K, used 248432K [0x0000000080000000, 0x0000000100000000)
  region size 1024K, 91 young (93184K), 10 survivors (10240K)
 Metaspace       used 153764K, capacity 158664K, committed 158976K, reserved 1187840K
  class space    used 19332K, capacity 21140K, committed 21248K, reserved 1048576K
}
Event: 7176.295 GC heap after
{Heap after GC invocations=159 (full 0):
 garbage-first heap   total 327680K, used 171534K [0x0000000080000000, 0x0000000100000000)
  region size 1024K, 7 young (7168K), 7 survivors (7168K)
 Metaspace       used 153764K, capacity 158664K, committed 158976K, reserved 1187840K
  class space    used 19332K, capacity 21140K, committed 21248K, reserved 1048576K
}
Event: 7176.501 GC heap before
{Heap before GC invocations=159 (full 0):
 garbage-first heap   total 327680K, used 179726K [0x0000000080000000, 0x0000000100000000)
  region size 1024K, 16 young (16384K), 7 survivors (7168K)
 Metaspace       used 153998K, capacity 159080K, committed 159232K, reserved 1187840K
  class space    used 19377K, capacity 21223K, committed 21248K, reserved 1048576K
}
Event: 7176.519 GC heap after
{Heap after GC invocations=160 (full 0):
 garbage-first heap   total 327680K, used 162785K [0x0000000080000000, 0x0000000100000000)
  region size 1024K, 2 young (2048K), 2 survivors (2048K)
 Metaspace       used 153998K, capacity 159080K, committed 159232K, reserved 1187840K
  class space    used 19377K, capacity 21223K, committed 21248K, reserved 1048576K
}
Event: 7369.464 GC heap before
{Heap before GC invocations=160 (full 0):
 garbage-first heap   total 327680K, used 247777K [0x0000000080000000, 0x0000000100000000)
  region size 1024K, 86 young (88064K), 2 survivors (2048K)
 Metaspace       used 154276K, capacity 159318K, committed 159488K, reserved 1187840K
  class space    used 19384K, capacity 21233K, committed 21248K, reserved 1048576K
}
Event: 7369.485 GC heap after
{Heap after GC invocations=161 (full 0):
 garbage-first heap   total 327680K, used 171011K [0x0000000080000000, 0x0000000100000000)
  region size 1024K, 10 young (10240K), 10 survivors (10240K)
 Metaspace       used 154276K, capacity 159318K, committed 159488K, reserved 1187840K
  class space    used 19384K, capacity 21233K, committed 21248K, reserved 1048576K
}

